JobId=421215 JobName=act_collect
   UserId=wzz745(4834) GroupId=wichmann(4014) MCS_label=N/A
   Priority=83370 Nice=0 Account=wichmann QOS=normal
   JobState=RUNNING Reason=None Dependency=(null)
   Requeue=1 Restarts=0 BatchFlag=1 Reboot=0 ExitCode=0:0
   RunTime=00:00:00 TimeLimit=2-06:00:00 TimeMin=N/A
   SubmitTime=2024-06-15T19:47:41 EligibleTime=2024-06-15T19:47:41
   AccrueTime=2024-06-15T19:47:42
   StartTime=2024-06-15T19:47:42 EndTime=2024-06-18T01:47:42 Deadline=N/A
   PreemptEligibleTime=2024-06-15T19:48:42 PreemptTime=None
   SuspendTime=None SecsPreSuspend=0 LastSchedEval=2024-06-15T19:47:42 Scheduler=Main
   Partition=2080-galvani AllocNode:Sid=galvani-slurmctl:1256172
   ReqNodeList=(null) ExcNodeList=(null)
   NodeList=galvani-cn105
   BatchHost=galvani-cn105
   NumNodes=1 NumCPUs=8 NumTasks=1 CPUs/Task=8 ReqB:S:C:T=0:0:*:*
   ReqTRES=cpu=8,mem=40G,node=1,billing=2,gres/gpu=1
   AllocTRES=cpu=8,mem=40G,node=1,billing=2,gres/gpu=1,gres/gpu:rtx2080ti=1
   Socks/Node=* NtasksPerN:B:S:C=0:0:*:* CoreSpec=*
   MinCPUsNode=8 MinMemoryNode=40G MinTmpDiskNode=0
   Features=(null) DelayBoot=00:00:00
   OverSubscribe=OK Contiguous=0 Licenses=(null) Network=(null)
   Command=/mnt/qb/home/wichmann/wzz745/Network-Pruning-and-Interpretability/test.sh
   WorkDir=/mnt/qb/home/wichmann/wzz745/Network-Pruning-and-Interpretability
   StdErr=/mnt/qb/home/wichmann/wzz745/Network-Pruning-and-Interpretability/slurm-421215.out
   StdIn=/dev/null
   StdOut=/mnt/qb/home/wichmann/wzz745/Network-Pruning-and-Interpretability/slurm-421215.out
   Power=
   TresPerNode=gres:gpu:1
   MailUser=jonathan.vonrad@gmail.com MailType=BEGIN,END,FAIL
   

Using cache found in /home/wichmann/wzz745/.cache/torch/hub/pytorch_vision_v0.10.0
/usr/local/lib/python3.8/dist-packages/torchvision/models/googlenet.py:341: UserWarning: auxiliary heads in the pretrained googlenet model are NOT pretrained, so make sure to train them
  warnings.warn(
Accuracy before pruning: 69.772

########## Specific Local Unstructured L1 Pruning Successively ##########

Accuracy before: 0.69772
Non-zero params before Pruning: 5718464, Total params: 5718464

------------------- Pruning Modules -------------------

Module: inception3a.branch1.conv, Pruning Rate: 0.2
Module: inception3a.branch2.0.conv, Pruning Rate: 0.24
Module: inception3a.branch2.1.conv, Pruning Rate: 0.32
Module: inception3a.branch3.0.conv, Pruning Rate: 0.32
Module: inception3a.branch3.1.conv, Pruning Rate: 0.36
Module: inception3a.branch4.1.conv, Pruning Rate: 0.24
Module: inception3b.branch1.conv, Pruning Rate: 0.28
Module: inception3b.branch2.0.conv, Pruning Rate: 0.28
Module: inception3b.branch2.1.conv, Pruning Rate: 0.32
Module: inception3b.branch3.0.conv, Pruning Rate: 0.36
Module: inception3b.branch3.1.conv, Pruning Rate: 0.32
Module: inception3b.branch4.1.conv, Pruning Rate: 0.28
Module: inception4a.branch1.conv, Pruning Rate: 0.24
Module: inception4a.branch2.0.conv, Pruning Rate: 0.32
Module: inception4a.branch2.1.conv, Pruning Rate: 0.36
Module: inception4a.branch3.0.conv, Pruning Rate: 0.36
Module: inception4a.branch3.1.conv, Pruning Rate: 0.24
Module: inception4a.branch4.1.conv, Pruning Rate: 0.24
Module: inception4b.branch1.conv, Pruning Rate: 0.28
Module: inception4b.branch2.0.conv, Pruning Rate: 0.36
Module: inception4b.branch2.1.conv, Pruning Rate: 0.32
Module: inception4b.branch3.0.conv, Pruning Rate: 0.36
Module: inception4b.branch3.1.conv, Pruning Rate: 0.32
Module: inception4b.branch4.1.conv, Pruning Rate: 0.32
Module: inception4c.branch1.conv, Pruning Rate: 0.28
Module: inception4c.branch2.0.conv, Pruning Rate: 0.28
Module: inception4c.branch2.1.conv, Pruning Rate: 0.32
Module: inception4c.branch3.0.conv, Pruning Rate: 0.36
Module: inception4c.branch3.1.conv, Pruning Rate: 0.36
Module: inception4c.branch4.1.conv, Pruning Rate: 0.28
Module: inception4d.branch1.conv, Pruning Rate: 0.32
Module: inception4d.branch2.0.conv, Pruning Rate: 0.28
Module: inception4d.branch2.1.conv, Pruning Rate: 0.32
Module: inception4d.branch3.0.conv, Pruning Rate: 0.36
Module: inception4d.branch3.1.conv, Pruning Rate: 0.36
Module: inception4d.branch4.1.conv, Pruning Rate: 0.32
Module: inception4e.branch1.conv, Pruning Rate: 0.28
Module: inception4e.branch2.0.conv, Pruning Rate: 0.28
Module: inception4e.branch2.1.conv, Pruning Rate: 0.32
Module: inception4e.branch3.0.conv, Pruning Rate: 0.36
Module: inception4e.branch3.1.conv, Pruning Rate: 0.32
Module: inception4e.branch4.1.conv, Pruning Rate: 0.28
Module: inception5a.branch1.conv, Pruning Rate: 0.28
Module: inception5a.branch2.0.conv, Pruning Rate: 0.32
Module: inception5a.branch2.1.conv, Pruning Rate: 0.28
Module: inception5a.branch3.0.conv, Pruning Rate: 0.36
Module: inception5a.branch3.1.conv, Pruning Rate: 0.28
Module: inception5a.branch4.1.conv, Pruning Rate: 0.28
Module: inception5b.branch1.conv, Pruning Rate: 0.32
Module: inception5b.branch2.0.conv, Pruning Rate: 0.28
Module: inception5b.branch2.1.conv, Pruning Rate: 0.28
Module: inception5b.branch3.0.conv, Pruning Rate: 0.32
Module: inception5b.branch3.1.conv, Pruning Rate: 0.36
Module: inception5b.branch4.1.conv, Pruning Rate: 0.36

--------------------------------------------------------

Relative Pruning Rate:  0.3
Absolute Pruning Rate:  0.3
Actual Pruning Rate: 0.2906478033262079
Accuracy:  0.68614
Starting training...
Epoch [1/10], Training Loss: 6.1219495640887125, Learning Rate: 0.0009000000000000001
Epoch [2/10], Training Loss: 5.79201703147812, Learning Rate: 0.0008100000000000001
Epoch [3/10], Training Loss: 5.463707750636738, Learning Rate: 0.000729
Epoch [4/10], Training Loss: 5.224195736104792, Learning Rate: 0.0006561000000000001
Epoch [5/10], Training Loss: 5.044366869654927, Learning Rate: 0.00059049
Epoch [6/10], Training Loss: 4.912769833906785, Learning Rate: 0.000531441
Epoch [7/10], Training Loss: 4.80987076533067, Learning Rate: 0.0004782969
Epoch [8/10], Training Loss: 4.73072999752723, Learning Rate: 0.00043046721
Epoch [9/10], Training Loss: 4.665611058610541, Learning Rate: 0.000387420489
Epoch [10/10], Training Loss: 4.613653713673145, Learning Rate: 0.0003486784401
Accuracy after retraining: 68.542

------------------- Pruning Modules -------------------

Module: inception3a.branch1.conv, Pruning Rate: 0.33
Module: inception3a.branch2.0.conv, Pruning Rate: 0.4
Module: inception3a.branch2.1.conv, Pruning Rate: 0.53
Module: inception3a.branch3.0.conv, Pruning Rate: 0.53
Module: inception3a.branch3.1.conv, Pruning Rate: 0.59
Module: inception3a.branch4.1.conv, Pruning Rate: 0.4
Module: inception3b.branch1.conv, Pruning Rate: 0.46
Module: inception3b.branch2.0.conv, Pruning Rate: 0.46
Module: inception3b.branch2.1.conv, Pruning Rate: 0.53
Module: inception3b.branch3.0.conv, Pruning Rate: 0.59
Module: inception3b.branch3.1.conv, Pruning Rate: 0.53
Module: inception3b.branch4.1.conv, Pruning Rate: 0.46
Module: inception4a.branch1.conv, Pruning Rate: 0.4
Module: inception4a.branch2.0.conv, Pruning Rate: 0.53
Module: inception4a.branch2.1.conv, Pruning Rate: 0.59
Module: inception4a.branch3.0.conv, Pruning Rate: 0.59
Module: inception4a.branch3.1.conv, Pruning Rate: 0.4
Module: inception4a.branch4.1.conv, Pruning Rate: 0.4
Module: inception4b.branch1.conv, Pruning Rate: 0.46
Module: inception4b.branch2.0.conv, Pruning Rate: 0.59
Module: inception4b.branch2.1.conv, Pruning Rate: 0.53
Module: inception4b.branch3.0.conv, Pruning Rate: 0.59
Module: inception4b.branch3.1.conv, Pruning Rate: 0.53
Module: inception4b.branch4.1.conv, Pruning Rate: 0.53
Module: inception4c.branch1.conv, Pruning Rate: 0.46
Module: inception4c.branch2.0.conv, Pruning Rate: 0.46
Module: inception4c.branch2.1.conv, Pruning Rate: 0.53
Module: inception4c.branch3.0.conv, Pruning Rate: 0.59
Module: inception4c.branch3.1.conv, Pruning Rate: 0.59
Module: inception4c.branch4.1.conv, Pruning Rate: 0.46
Module: inception4d.branch1.conv, Pruning Rate: 0.53
Module: inception4d.branch2.0.conv, Pruning Rate: 0.46
Module: inception4d.branch2.1.conv, Pruning Rate: 0.53
Module: inception4d.branch3.0.conv, Pruning Rate: 0.59
Module: inception4d.branch3.1.conv, Pruning Rate: 0.59
Module: inception4d.branch4.1.conv, Pruning Rate: 0.53
Module: inception4e.branch1.conv, Pruning Rate: 0.46
Module: inception4e.branch2.0.conv, Pruning Rate: 0.46
Module: inception4e.branch2.1.conv, Pruning Rate: 0.53
Module: inception4e.branch3.0.conv, Pruning Rate: 0.59
Module: inception4e.branch3.1.conv, Pruning Rate: 0.53
Module: inception4e.branch4.1.conv, Pruning Rate: 0.46
Module: inception5a.branch1.conv, Pruning Rate: 0.46
Module: inception5a.branch2.0.conv, Pruning Rate: 0.53
Module: inception5a.branch2.1.conv, Pruning Rate: 0.46
Module: inception5a.branch3.0.conv, Pruning Rate: 0.59
Module: inception5a.branch3.1.conv, Pruning Rate: 0.46
Module: inception5a.branch4.1.conv, Pruning Rate: 0.46
Module: inception5b.branch1.conv, Pruning Rate: 0.53
Module: inception5b.branch2.0.conv, Pruning Rate: 0.46
Module: inception5b.branch2.1.conv, Pruning Rate: 0.46
Module: inception5b.branch3.0.conv, Pruning Rate: 0.53
Module: inception5b.branch3.1.conv, Pruning Rate: 0.59
Module: inception5b.branch4.1.conv, Pruning Rate: 0.59

--------------------------------------------------------

Relative Pruning Rate:  0.5
Absolute Pruning Rate:  0.65
Actual Pruning Rate: 0.6228273886134459
Accuracy:  0.24038
Starting training...
Epoch [1/10], Training Loss: 4.84909924105569, Learning Rate: 0.0009000000000000001
Epoch [2/10], Training Loss: 4.685594580009148, Learning Rate: 0.0008100000000000001
Epoch [3/10], Training Loss: 4.590273268954022, Learning Rate: 0.000729
Epoch [4/10], Training Loss: 4.52759500409697, Learning Rate: 0.0006561000000000001
Epoch [5/10], Training Loss: 4.471782015896701, Learning Rate: 0.00059049
Epoch [6/10], Training Loss: 4.430150917240908, Learning Rate: 0.000531441
Epoch [7/10], Training Loss: 4.3920937907802955, Learning Rate: 0.0004782969
Epoch [8/10], Training Loss: 4.365487952165671, Learning Rate: 0.00043046721
Epoch [9/10], Training Loss: 4.335598693479906, Learning Rate: 0.000387420489
Epoch [10/10], Training Loss: 4.312980017985974, Learning Rate: 0.0003486784401
Accuracy after retraining: 67.258

------------------- Pruning Modules -------------------

Module: inception3a.branch1.conv, Pruning Rate: 0.46
Module: inception3a.branch2.0.conv, Pruning Rate: 0.55
Module: inception3a.branch2.1.conv, Pruning Rate: 0.74
Module: inception3a.branch3.0.conv, Pruning Rate: 0.74
Module: inception3a.branch3.1.conv, Pruning Rate: 0.83
Module: inception3a.branch4.1.conv, Pruning Rate: 0.55
Module: inception3b.branch1.conv, Pruning Rate: 0.64
Module: inception3b.branch2.0.conv, Pruning Rate: 0.64
Module: inception3b.branch2.1.conv, Pruning Rate: 0.74
Module: inception3b.branch3.0.conv, Pruning Rate: 0.83
Module: inception3b.branch3.1.conv, Pruning Rate: 0.74
Module: inception3b.branch4.1.conv, Pruning Rate: 0.64
Module: inception4a.branch1.conv, Pruning Rate: 0.55
Module: inception4a.branch2.0.conv, Pruning Rate: 0.74
Module: inception4a.branch2.1.conv, Pruning Rate: 0.83
Module: inception4a.branch3.0.conv, Pruning Rate: 0.83
Module: inception4a.branch3.1.conv, Pruning Rate: 0.55
Module: inception4a.branch4.1.conv, Pruning Rate: 0.55
Module: inception4b.branch1.conv, Pruning Rate: 0.64
Module: inception4b.branch2.0.conv, Pruning Rate: 0.83
Module: inception4b.branch2.1.conv, Pruning Rate: 0.74
Module: inception4b.branch3.0.conv, Pruning Rate: 0.83
Module: inception4b.branch3.1.conv, Pruning Rate: 0.74
Module: inception4b.branch4.1.conv, Pruning Rate: 0.74
Module: inception4c.branch1.conv, Pruning Rate: 0.64
Module: inception4c.branch2.0.conv, Pruning Rate: 0.64
Module: inception4c.branch2.1.conv, Pruning Rate: 0.74
Module: inception4c.branch3.0.conv, Pruning Rate: 0.83
Module: inception4c.branch3.1.conv, Pruning Rate: 0.83
Module: inception4c.branch4.1.conv, Pruning Rate: 0.64
Module: inception4d.branch1.conv, Pruning Rate: 0.74
Module: inception4d.branch2.0.conv, Pruning Rate: 0.64
Module: inception4d.branch2.1.conv, Pruning Rate: 0.74
Module: inception4d.branch3.0.conv, Pruning Rate: 0.83
Module: inception4d.branch3.1.conv, Pruning Rate: 0.83
Module: inception4d.branch4.1.conv, Pruning Rate: 0.74
Module: inception4e.branch1.conv, Pruning Rate: 0.64
Module: inception4e.branch2.0.conv, Pruning Rate: 0.64
Module: inception4e.branch2.1.conv, Pruning Rate: 0.74
Module: inception4e.branch3.0.conv, Pruning Rate: 0.83
Module: inception4e.branch3.1.conv, Pruning Rate: 0.74
Module: inception4e.branch4.1.conv, Pruning Rate: 0.64
Module: inception5a.branch1.conv, Pruning Rate: 0.64
Module: inception5a.branch2.0.conv, Pruning Rate: 0.74
Module: inception5a.branch2.1.conv, Pruning Rate: 0.64
Module: inception5a.branch3.0.conv, Pruning Rate: 0.83
Module: inception5a.branch3.1.conv, Pruning Rate: 0.64
Module: inception5a.branch4.1.conv, Pruning Rate: 0.64
Module: inception5b.branch1.conv, Pruning Rate: 0.74
Module: inception5b.branch2.0.conv, Pruning Rate: 0.64
Module: inception5b.branch2.1.conv, Pruning Rate: 0.64
Module: inception5b.branch3.0.conv, Pruning Rate: 0.74
Module: inception5b.branch3.1.conv, Pruning Rate: 0.83
Module: inception5b.branch4.1.conv, Pruning Rate: 0.83

--------------------------------------------------------

Relative Pruning Rate:  0.7
Absolute Pruning Rate:  0.755
Actual Pruning Rate: 0.8523673489944152
Accuracy:  0.0011
Starting training...
Epoch [1/10], Training Loss: 5.725092720723414, Learning Rate: 0.0009000000000000001
Epoch [2/10], Training Loss: 5.24752852485611, Learning Rate: 0.0008100000000000001
Epoch [3/10], Training Loss: 5.114287427898411, Learning Rate: 0.000729
Epoch [4/10], Training Loss: 5.029146284061474, Learning Rate: 0.0006561000000000001
Epoch [5/10], Training Loss: 4.972091427454344, Learning Rate: 0.00059049
Epoch [6/10], Training Loss: 4.925009995954973, Learning Rate: 0.000531441
Epoch [7/10], Training Loss: 4.88891260099935, Learning Rate: 0.0004782969
Epoch [8/10], Training Loss: 4.857563236686257, Learning Rate: 0.00043046721
Epoch [9/10], Training Loss: 4.830657660210883, Learning Rate: 0.000387420489
Epoch [10/10], Training Loss: 4.807419388944452, Learning Rate: 0.0003486784401
Accuracy after retraining: 57.720000000000006
Finished pruning, retraining, and evaluation.
DONE.
