JobId=422799 JobName=name
   UserId=wzz745(4834) GroupId=wichmann(4014) MCS_label=N/A
   Priority=74296 Nice=0 Account=wichmann QOS=normal
   JobState=RUNNING Reason=None Dependency=(null)
   Requeue=1 Restarts=0 BatchFlag=1 Reboot=0 ExitCode=0:0
   RunTime=00:00:01 TimeLimit=3-00:00:00 TimeMin=N/A
   SubmitTime=2024-06-17T18:39:36 EligibleTime=2024-06-17T18:39:36
   AccrueTime=2024-06-17T18:39:36
   StartTime=2024-06-17T18:39:36 EndTime=2024-06-20T18:39:36 Deadline=N/A
   PreemptEligibleTime=2024-06-17T18:40:36 PreemptTime=None
   SuspendTime=None SecsPreSuspend=0 LastSchedEval=2024-06-17T18:39:36 Scheduler=Backfill
   Partition=2080-galvani AllocNode:Sid=galvani-slurmctl:1720218
   ReqNodeList=(null) ExcNodeList=(null)
   NodeList=galvani-cn105
   BatchHost=galvani-cn105
   NumNodes=1 NumCPUs=8 NumTasks=1 CPUs/Task=8 ReqB:S:C:T=0:0:*:*
   ReqTRES=cpu=8,mem=40G,node=1,billing=2,gres/gpu=1
   AllocTRES=cpu=8,mem=40G,node=1,billing=2,gres/gpu=1,gres/gpu:rtx2080ti=1
   Socks/Node=* NtasksPerN:B:S:C=0:0:*:* CoreSpec=*
   MinCPUsNode=8 MinMemoryNode=40G MinTmpDiskNode=0
   Features=(null) DelayBoot=00:00:00
   OverSubscribe=OK Contiguous=0 Licenses=(null) Network=(null)
   Command=/mnt/qb/home/wichmann/wzz745/Network-Pruning-and-Interpretability/ffcv.sh
   WorkDir=/mnt/qb/home/wichmann/wzz745/Network-Pruning-and-Interpretability
   StdErr=/mnt/qb/home/wichmann/wzz745/Network-Pruning-and-Interpretability/slurm-422799.out
   StdIn=/dev/null
   StdOut=/mnt/qb/home/wichmann/wzz745/Network-Pruning-and-Interpretability/slurm-422799.out
   Power=
   TresPerNode=gres:gpu:1
   MailUser=jonathan.vonrad@gmail.com MailType=BEGIN,END,FAIL
   

srun: Job step aborted: Waiting up to 32 seconds for job step to finish.
slurmstepd: error: *** STEP 422799.0 ON galvani-cn105 CANCELLED AT 2024-06-17T18:45:03 ***
slurmstepd: error: *** JOB 422799 ON galvani-cn105 CANCELLED AT 2024-06-17T18:45:03 ***
