JobId=421997 JobName=act_collect
   UserId=wzz745(4834) GroupId=wichmann(4014) MCS_label=N/A
   Priority=78289 Nice=0 Account=wichmann QOS=normal
   JobState=RUNNING Reason=None Dependency=(null)
   Requeue=1 Restarts=0 BatchFlag=1 Reboot=0 ExitCode=0:0
   RunTime=00:00:01 TimeLimit=2-06:00:00 TimeMin=N/A
   SubmitTime=2024-06-16T13:49:04 EligibleTime=2024-06-16T13:49:04
   AccrueTime=2024-06-16T13:49:05
   StartTime=2024-06-16T13:49:05 EndTime=2024-06-18T19:49:05 Deadline=N/A
   PreemptEligibleTime=2024-06-16T13:50:05 PreemptTime=None
   SuspendTime=None SecsPreSuspend=0 LastSchedEval=2024-06-16T13:49:05 Scheduler=Main
   Partition=2080-galvani AllocNode:Sid=galvani-slurmctl:1344543
   ReqNodeList=(null) ExcNodeList=(null)
   NodeList=galvani-cn105
   BatchHost=galvani-cn105
   NumNodes=1 NumCPUs=8 NumTasks=1 CPUs/Task=8 ReqB:S:C:T=0:0:*:*
   ReqTRES=cpu=8,mem=40G,node=1,billing=2,gres/gpu=1
   AllocTRES=cpu=8,mem=40G,node=1,billing=2,gres/gpu=1,gres/gpu:rtx2080ti=1
   Socks/Node=* NtasksPerN:B:S:C=0:0:*:* CoreSpec=*
   MinCPUsNode=8 MinMemoryNode=40G MinTmpDiskNode=0
   Features=(null) DelayBoot=00:00:00
   OverSubscribe=OK Contiguous=0 Licenses=(null) Network=(null)
   Command=/mnt/qb/home/wichmann/wzz745/Network-Pruning-and-Interpretability/test.sh
   WorkDir=/mnt/qb/home/wichmann/wzz745/Network-Pruning-and-Interpretability
   StdErr=/mnt/qb/home/wichmann/wzz745/Network-Pruning-and-Interpretability/slurm-421997.out
   StdIn=/dev/null
   StdOut=/mnt/qb/home/wichmann/wzz745/Network-Pruning-and-Interpretability/slurm-421997.out
   Power=
   TresPerNode=gres:gpu:1
   MailUser=jonathan.vonrad@gmail.com MailType=BEGIN,END,FAIL
   

Using cache found in /home/wichmann/wzz745/.cache/torch/hub/pytorch_vision_v0.10.0
/usr/local/lib/python3.8/dist-packages/torchvision/models/googlenet.py:341: UserWarning: auxiliary heads in the pretrained googlenet model are NOT pretrained, so make sure to train them
  warnings.warn(
Accuracy before pruning: 69.772

########## Specific Local Unstructured L1 Pruning Successively ##########

Accuracy before: 0.69772
Non-zero params before Pruning: 5718464, Total params: 5718464

------------------- Pruning Modules -------------------

Module: inception3a.branch1.conv, Pruning Rate: 0.27
Module: inception3a.branch2.0.conv, Pruning Rate: 0.32
Module: inception3a.branch2.1.conv, Pruning Rate: 0.42
Module: inception3a.branch3.0.conv, Pruning Rate: 0.42
Module: inception3a.branch3.1.conv, Pruning Rate: 0.48
Module: inception3a.branch4.1.conv, Pruning Rate: 0.32
Module: inception3b.branch1.conv, Pruning Rate: 0.37
Module: inception3b.branch2.0.conv, Pruning Rate: 0.37
Module: inception3b.branch2.1.conv, Pruning Rate: 0.42
Module: inception3b.branch3.0.conv, Pruning Rate: 0.48
Module: inception3b.branch3.1.conv, Pruning Rate: 0.42
Module: inception3b.branch4.1.conv, Pruning Rate: 0.37
Module: inception4a.branch1.conv, Pruning Rate: 0.32
Module: inception4a.branch2.0.conv, Pruning Rate: 0.42
Module: inception4a.branch2.1.conv, Pruning Rate: 0.48
Module: inception4a.branch3.0.conv, Pruning Rate: 0.48
Module: inception4a.branch3.1.conv, Pruning Rate: 0.32
Module: inception4a.branch4.1.conv, Pruning Rate: 0.32
Module: inception4b.branch1.conv, Pruning Rate: 0.37
Module: inception4b.branch2.0.conv, Pruning Rate: 0.48
Module: inception4b.branch2.1.conv, Pruning Rate: 0.42
Module: inception4b.branch3.0.conv, Pruning Rate: 0.48
Module: inception4b.branch3.1.conv, Pruning Rate: 0.42
Module: inception4b.branch4.1.conv, Pruning Rate: 0.42
Module: inception4c.branch1.conv, Pruning Rate: 0.37
Module: inception4c.branch2.0.conv, Pruning Rate: 0.37
Module: inception4c.branch2.1.conv, Pruning Rate: 0.42
Module: inception4c.branch3.0.conv, Pruning Rate: 0.48
Module: inception4c.branch3.1.conv, Pruning Rate: 0.48
Module: inception4c.branch4.1.conv, Pruning Rate: 0.37
Module: inception4d.branch1.conv, Pruning Rate: 0.42
Module: inception4d.branch2.0.conv, Pruning Rate: 0.37
Module: inception4d.branch2.1.conv, Pruning Rate: 0.42
Module: inception4d.branch3.0.conv, Pruning Rate: 0.48
Module: inception4d.branch3.1.conv, Pruning Rate: 0.48
Module: inception4d.branch4.1.conv, Pruning Rate: 0.42
Module: inception4e.branch1.conv, Pruning Rate: 0.37
Module: inception4e.branch2.0.conv, Pruning Rate: 0.37
Module: inception4e.branch2.1.conv, Pruning Rate: 0.42
Module: inception4e.branch3.0.conv, Pruning Rate: 0.48
Module: inception4e.branch3.1.conv, Pruning Rate: 0.42
Module: inception4e.branch4.1.conv, Pruning Rate: 0.37
Module: inception5a.branch1.conv, Pruning Rate: 0.37
Module: inception5a.branch2.0.conv, Pruning Rate: 0.42
Module: inception5a.branch2.1.conv, Pruning Rate: 0.37
Module: inception5a.branch3.0.conv, Pruning Rate: 0.48
Module: inception5a.branch3.1.conv, Pruning Rate: 0.37
Module: inception5a.branch4.1.conv, Pruning Rate: 0.37
Module: inception5b.branch1.conv, Pruning Rate: 0.42
Module: inception5b.branch2.0.conv, Pruning Rate: 0.37
Module: inception5b.branch2.1.conv, Pruning Rate: 0.37
Module: inception5b.branch3.0.conv, Pruning Rate: 0.42
Module: inception5b.branch3.1.conv, Pruning Rate: 0.48
Module: inception5b.branch4.1.conv, Pruning Rate: 0.48

--------------------------------------------------------

Relative Pruning Rate:  0.4
Absolute Pruning Rate:  0.4
Actual Pruning Rate: 0.383346122315363
Accuracy:  0.66196
Starting training...
Epoch [1/10], Training Loss: 5.645656324504734, Learning Rate: 0.009000000000000001
Epoch [2/10], Training Loss: 4.861965148789542, Learning Rate: 0.008100000000000001
Epoch [3/10], Training Loss: 4.604380589122181, Learning Rate: 0.007290000000000001
Epoch [4/10], Training Loss: 4.449987369793636, Learning Rate: 0.006561000000000002
Epoch [5/10], Training Loss: 4.341218324903246, Learning Rate: 0.005904900000000002
Epoch [6/10], Training Loss: 4.25657777055041, Learning Rate: 0.005314410000000002
Epoch [7/10], Training Loss: 4.183313057877562, Learning Rate: 0.004782969000000002
Epoch [8/10], Training Loss: 4.121323835361492, Learning Rate: 0.004304672100000002
Epoch [9/10], Training Loss: 4.066890681016219, Learning Rate: 0.003874204890000002
Epoch [10/10], Training Loss: 4.015746228273336, Learning Rate: 0.003486784401000002
Accuracy after retraining: 65.128

------------------- Pruning Modules -------------------

Module: inception3a.branch1.conv, Pruning Rate: 0.27
Module: inception3a.branch2.0.conv, Pruning Rate: 0.32
Module: inception3a.branch2.1.conv, Pruning Rate: 0.42
Module: inception3a.branch3.0.conv, Pruning Rate: 0.42
Module: inception3a.branch3.1.conv, Pruning Rate: 0.48
Module: inception3a.branch4.1.conv, Pruning Rate: 0.32
Module: inception3b.branch1.conv, Pruning Rate: 0.37
Module: inception3b.branch2.0.conv, Pruning Rate: 0.37
Module: inception3b.branch2.1.conv, Pruning Rate: 0.42
Module: inception3b.branch3.0.conv, Pruning Rate: 0.48
Module: inception3b.branch3.1.conv, Pruning Rate: 0.42
Module: inception3b.branch4.1.conv, Pruning Rate: 0.37
Module: inception4a.branch1.conv, Pruning Rate: 0.32
Module: inception4a.branch2.0.conv, Pruning Rate: 0.42
Module: inception4a.branch2.1.conv, Pruning Rate: 0.48
Module: inception4a.branch3.0.conv, Pruning Rate: 0.48
Module: inception4a.branch3.1.conv, Pruning Rate: 0.32
Module: inception4a.branch4.1.conv, Pruning Rate: 0.32
Module: inception4b.branch1.conv, Pruning Rate: 0.37
Module: inception4b.branch2.0.conv, Pruning Rate: 0.48
Module: inception4b.branch2.1.conv, Pruning Rate: 0.42
Module: inception4b.branch3.0.conv, Pruning Rate: 0.48
Module: inception4b.branch3.1.conv, Pruning Rate: 0.42
Module: inception4b.branch4.1.conv, Pruning Rate: 0.42
Module: inception4c.branch1.conv, Pruning Rate: 0.37
Module: inception4c.branch2.0.conv, Pruning Rate: 0.37
Module: inception4c.branch2.1.conv, Pruning Rate: 0.42
Module: inception4c.branch3.0.conv, Pruning Rate: 0.48
Module: inception4c.branch3.1.conv, Pruning Rate: 0.48
Module: inception4c.branch4.1.conv, Pruning Rate: 0.37
Module: inception4d.branch1.conv, Pruning Rate: 0.42
Module: inception4d.branch2.0.conv, Pruning Rate: 0.37
Module: inception4d.branch2.1.conv, Pruning Rate: 0.42
Module: inception4d.branch3.0.conv, Pruning Rate: 0.48
Module: inception4d.branch3.1.conv, Pruning Rate: 0.48
Module: inception4d.branch4.1.conv, Pruning Rate: 0.42
Module: inception4e.branch1.conv, Pruning Rate: 0.37
Module: inception4e.branch2.0.conv, Pruning Rate: 0.37
Module: inception4e.branch2.1.conv, Pruning Rate: 0.42
Module: inception4e.branch3.0.conv, Pruning Rate: 0.48
Module: inception4e.branch3.1.conv, Pruning Rate: 0.42
Module: inception4e.branch4.1.conv, Pruning Rate: 0.37
Module: inception5a.branch1.conv, Pruning Rate: 0.37
Module: inception5a.branch2.0.conv, Pruning Rate: 0.42
Module: inception5a.branch2.1.conv, Pruning Rate: 0.37
Module: inception5a.branch3.0.conv, Pruning Rate: 0.48
Module: inception5a.branch3.1.conv, Pruning Rate: 0.37
Module: inception5a.branch4.1.conv, Pruning Rate: 0.37
Module: inception5b.branch1.conv, Pruning Rate: 0.42
Module: inception5b.branch2.0.conv, Pruning Rate: 0.37
Module: inception5b.branch2.1.conv, Pruning Rate: 0.37
Module: inception5b.branch3.0.conv, Pruning Rate: 0.42
Module: inception5b.branch3.1.conv, Pruning Rate: 0.48
Module: inception5b.branch4.1.conv, Pruning Rate: 0.48

--------------------------------------------------------

Relative Pruning Rate:  0.4
Absolute Pruning Rate:  0.64
Actual Pruning Rate: 0.6114729409855514
Accuracy:  0.55224
Starting training...
Epoch [1/10], Training Loss: 4.383633720696151, Learning Rate: 0.009000000000000001
Epoch [2/10], Training Loss: 4.29757524996728, Learning Rate: 0.008100000000000001
Epoch [3/10], Training Loss: 4.22418587441211, Learning Rate: 0.007290000000000001
Epoch [4/10], Training Loss: 4.163148287507323, Learning Rate: 0.006561000000000002
Epoch [5/10], Training Loss: 4.110633548632726, Learning Rate: 0.005904900000000002
Epoch [6/10], Training Loss: 4.0614571054974995, Learning Rate: 0.005314410000000002
Epoch [7/10], Training Loss: 4.0203112630100994, Learning Rate: 0.004782969000000002
Epoch [8/10], Training Loss: 3.9779037746873414, Learning Rate: 0.004304672100000002
Epoch [9/10], Training Loss: 3.944569210477404, Learning Rate: 0.003874204890000002
Epoch [10/10], Training Loss: 3.913546827908877, Learning Rate: 0.003486784401000002
Accuracy after retraining: 64.718

------------------- Pruning Modules -------------------

Module: inception3a.branch1.conv, Pruning Rate: 0.27
Module: inception3a.branch2.0.conv, Pruning Rate: 0.32
Module: inception3a.branch2.1.conv, Pruning Rate: 0.42
Module: inception3a.branch3.0.conv, Pruning Rate: 0.42
Module: inception3a.branch3.1.conv, Pruning Rate: 0.48
Module: inception3a.branch4.1.conv, Pruning Rate: 0.32
Module: inception3b.branch1.conv, Pruning Rate: 0.37
Module: inception3b.branch2.0.conv, Pruning Rate: 0.37
Module: inception3b.branch2.1.conv, Pruning Rate: 0.42
Module: inception3b.branch3.0.conv, Pruning Rate: 0.48
Module: inception3b.branch3.1.conv, Pruning Rate: 0.42
Module: inception3b.branch4.1.conv, Pruning Rate: 0.37
Module: inception4a.branch1.conv, Pruning Rate: 0.32
Module: inception4a.branch2.0.conv, Pruning Rate: 0.42
Module: inception4a.branch2.1.conv, Pruning Rate: 0.48
Module: inception4a.branch3.0.conv, Pruning Rate: 0.48
Module: inception4a.branch3.1.conv, Pruning Rate: 0.32
Module: inception4a.branch4.1.conv, Pruning Rate: 0.32
Module: inception4b.branch1.conv, Pruning Rate: 0.37
Module: inception4b.branch2.0.conv, Pruning Rate: 0.48
Module: inception4b.branch2.1.conv, Pruning Rate: 0.42
Module: inception4b.branch3.0.conv, Pruning Rate: 0.48
Module: inception4b.branch3.1.conv, Pruning Rate: 0.42
Module: inception4b.branch4.1.conv, Pruning Rate: 0.42
Module: inception4c.branch1.conv, Pruning Rate: 0.37
Module: inception4c.branch2.0.conv, Pruning Rate: 0.37
Module: inception4c.branch2.1.conv, Pruning Rate: 0.42
Module: inception4c.branch3.0.conv, Pruning Rate: 0.48
Module: inception4c.branch3.1.conv, Pruning Rate: 0.48
Module: inception4c.branch4.1.conv, Pruning Rate: 0.37
Module: inception4d.branch1.conv, Pruning Rate: 0.42
Module: inception4d.branch2.0.conv, Pruning Rate: 0.37
Module: inception4d.branch2.1.conv, Pruning Rate: 0.42
Module: inception4d.branch3.0.conv, Pruning Rate: 0.48
Module: inception4d.branch3.1.conv, Pruning Rate: 0.48
Module: inception4d.branch4.1.conv, Pruning Rate: 0.42
Module: inception4e.branch1.conv, Pruning Rate: 0.37
Module: inception4e.branch2.0.conv, Pruning Rate: 0.37
Module: inception4e.branch2.1.conv, Pruning Rate: 0.42
Module: inception4e.branch3.0.conv, Pruning Rate: 0.48
Module: inception4e.branch3.1.conv, Pruning Rate: 0.42
Module: inception4e.branch4.1.conv, Pruning Rate: 0.37
Module: inception5a.branch1.conv, Pruning Rate: 0.37
Module: inception5a.branch2.0.conv, Pruning Rate: 0.42
Module: inception5a.branch2.1.conv, Pruning Rate: 0.37
Module: inception5a.branch3.0.conv, Pruning Rate: 0.48
Module: inception5a.branch3.1.conv, Pruning Rate: 0.37
Module: inception5a.branch4.1.conv, Pruning Rate: 0.37
Module: inception5b.branch1.conv, Pruning Rate: 0.42
Module: inception5b.branch2.0.conv, Pruning Rate: 0.37
Module: inception5b.branch2.1.conv, Pruning Rate: 0.37
Module: inception5b.branch3.0.conv, Pruning Rate: 0.42
Module: inception5b.branch3.1.conv, Pruning Rate: 0.48
Module: inception5b.branch4.1.conv, Pruning Rate: 0.48

--------------------------------------------------------

Relative Pruning Rate:  0.4
Absolute Pruning Rate:  0.784
Actual Pruning Rate: 0.747780522881669
Accuracy:  0.379
Starting training...
Epoch [1/10], Training Loss: 4.4149704049040865, Learning Rate: 0.009000000000000001
Epoch [2/10], Training Loss: 4.313896296431611, Learning Rate: 0.008100000000000001
Epoch [3/10], Training Loss: 4.243696007671414, Learning Rate: 0.007290000000000001
Epoch [4/10], Training Loss: 4.188993805128854, Learning Rate: 0.006561000000000002
Epoch [5/10], Training Loss: 4.140641257550929, Learning Rate: 0.005904900000000002
Epoch [6/10], Training Loss: 4.099220577081838, Learning Rate: 0.005314410000000002
Epoch [7/10], Training Loss: 4.054328395746328, Learning Rate: 0.004782969000000002
Epoch [8/10], Training Loss: 4.020859795802838, Learning Rate: 0.004304672100000002
Epoch [9/10], Training Loss: 3.9892456877600777, Learning Rate: 0.003874204890000002
Epoch [10/10], Training Loss: 3.9576091022996396, Learning Rate: 0.003486784401000002
Accuracy after retraining: 62.78

------------------- Pruning Modules -------------------

Module: inception3a.branch1.conv, Pruning Rate: 0.27
Module: inception3a.branch2.0.conv, Pruning Rate: 0.32
Module: inception3a.branch2.1.conv, Pruning Rate: 0.42
Module: inception3a.branch3.0.conv, Pruning Rate: 0.42
Module: inception3a.branch3.1.conv, Pruning Rate: 0.48
Module: inception3a.branch4.1.conv, Pruning Rate: 0.32
Module: inception3b.branch1.conv, Pruning Rate: 0.37
Module: inception3b.branch2.0.conv, Pruning Rate: 0.37
Module: inception3b.branch2.1.conv, Pruning Rate: 0.42
Module: inception3b.branch3.0.conv, Pruning Rate: 0.48
Module: inception3b.branch3.1.conv, Pruning Rate: 0.42
Module: inception3b.branch4.1.conv, Pruning Rate: 0.37
Module: inception4a.branch1.conv, Pruning Rate: 0.32
Module: inception4a.branch2.0.conv, Pruning Rate: 0.42
Module: inception4a.branch2.1.conv, Pruning Rate: 0.48
Module: inception4a.branch3.0.conv, Pruning Rate: 0.48
Module: inception4a.branch3.1.conv, Pruning Rate: 0.32
Module: inception4a.branch4.1.conv, Pruning Rate: 0.32
Module: inception4b.branch1.conv, Pruning Rate: 0.37
Module: inception4b.branch2.0.conv, Pruning Rate: 0.48
Module: inception4b.branch2.1.conv, Pruning Rate: 0.42
Module: inception4b.branch3.0.conv, Pruning Rate: 0.48
Module: inception4b.branch3.1.conv, Pruning Rate: 0.42
Module: inception4b.branch4.1.conv, Pruning Rate: 0.42
Module: inception4c.branch1.conv, Pruning Rate: 0.37
Module: inception4c.branch2.0.conv, Pruning Rate: 0.37
Module: inception4c.branch2.1.conv, Pruning Rate: 0.42
Module: inception4c.branch3.0.conv, Pruning Rate: 0.48
Module: inception4c.branch3.1.conv, Pruning Rate: 0.48
Module: inception4c.branch4.1.conv, Pruning Rate: 0.37
Module: inception4d.branch1.conv, Pruning Rate: 0.42
Module: inception4d.branch2.0.conv, Pruning Rate: 0.37
Module: inception4d.branch2.1.conv, Pruning Rate: 0.42
Module: inception4d.branch3.0.conv, Pruning Rate: 0.48
Module: inception4d.branch3.1.conv, Pruning Rate: 0.48
Module: inception4d.branch4.1.conv, Pruning Rate: 0.42
Module: inception4e.branch1.conv, Pruning Rate: 0.37
Module: inception4e.branch2.0.conv, Pruning Rate: 0.37
Module: inception4e.branch2.1.conv, Pruning Rate: 0.42
Module: inception4e.branch3.0.conv, Pruning Rate: 0.48
Module: inception4e.branch3.1.conv, Pruning Rate: 0.42
Module: inception4e.branch4.1.conv, Pruning Rate: 0.37
Module: inception5a.branch1.conv, Pruning Rate: 0.37
Module: inception5a.branch2.0.conv, Pruning Rate: 0.42
Module: inception5a.branch2.1.conv, Pruning Rate: 0.37
Module: inception5a.branch3.0.conv, Pruning Rate: 0.48
Module: inception5a.branch3.1.conv, Pruning Rate: 0.37
Module: inception5a.branch4.1.conv, Pruning Rate: 0.37
Module: inception5b.branch1.conv, Pruning Rate: 0.42
Module: inception5b.branch2.0.conv, Pruning Rate: 0.37
Module: inception5b.branch2.1.conv, Pruning Rate: 0.37
Module: inception5b.branch3.0.conv, Pruning Rate: 0.42
Module: inception5b.branch3.1.conv, Pruning Rate: 0.48
Module: inception5b.branch4.1.conv, Pruning Rate: 0.48

--------------------------------------------------------

Relative Pruning Rate:  0.4
Absolute Pruning Rate:  0.8704000000000001
Actual Pruning Rate: 0.8295453114682544
Accuracy:  0.13406
Starting training...
Epoch [1/10], Training Loss: 4.555020672505671, Learning Rate: 0.009000000000000001
Epoch [2/10], Training Loss: 4.437816456481293, Learning Rate: 0.008100000000000001
Epoch [3/10], Training Loss: 4.367360522649386, Learning Rate: 0.007290000000000001
Epoch [4/10], Training Loss: 4.313312209545673, Learning Rate: 0.006561000000000002
Epoch [5/10], Training Loss: 4.263462725719372, Learning Rate: 0.005904900000000002
Epoch [6/10], Training Loss: 4.223745667589056, Learning Rate: 0.005314410000000002
Epoch [7/10], Training Loss: 4.186175801299073, Learning Rate: 0.004782969000000002
Epoch [8/10], Training Loss: 4.153735374356364, Learning Rate: 0.004304672100000002
Epoch [9/10], Training Loss: 4.1195467956297165, Learning Rate: 0.003874204890000002
Epoch [10/10], Training Loss: 4.095184107760449, Learning Rate: 0.003486784401000002
Accuracy after retraining: 60.83

------------------- Pruning Modules -------------------

Module: inception3a.branch1.conv, Pruning Rate: 0.27
Module: inception3a.branch2.0.conv, Pruning Rate: 0.32
Module: inception3a.branch2.1.conv, Pruning Rate: 0.42
Module: inception3a.branch3.0.conv, Pruning Rate: 0.42
Module: inception3a.branch3.1.conv, Pruning Rate: 0.48
Module: inception3a.branch4.1.conv, Pruning Rate: 0.32
Module: inception3b.branch1.conv, Pruning Rate: 0.37
Module: inception3b.branch2.0.conv, Pruning Rate: 0.37
Module: inception3b.branch2.1.conv, Pruning Rate: 0.42
Module: inception3b.branch3.0.conv, Pruning Rate: 0.48
Module: inception3b.branch3.1.conv, Pruning Rate: 0.42
Module: inception3b.branch4.1.conv, Pruning Rate: 0.37
Module: inception4a.branch1.conv, Pruning Rate: 0.32
Module: inception4a.branch2.0.conv, Pruning Rate: 0.42
Module: inception4a.branch2.1.conv, Pruning Rate: 0.48
Module: inception4a.branch3.0.conv, Pruning Rate: 0.48
Module: inception4a.branch3.1.conv, Pruning Rate: 0.32
Module: inception4a.branch4.1.conv, Pruning Rate: 0.32
Module: inception4b.branch1.conv, Pruning Rate: 0.37
Module: inception4b.branch2.0.conv, Pruning Rate: 0.48
Module: inception4b.branch2.1.conv, Pruning Rate: 0.42
Module: inception4b.branch3.0.conv, Pruning Rate: 0.48
Module: inception4b.branch3.1.conv, Pruning Rate: 0.42
Module: inception4b.branch4.1.conv, Pruning Rate: 0.42
Module: inception4c.branch1.conv, Pruning Rate: 0.37
Module: inception4c.branch2.0.conv, Pruning Rate: 0.37
Module: inception4c.branch2.1.conv, Pruning Rate: 0.42
Module: inception4c.branch3.0.conv, Pruning Rate: 0.48
Module: inception4c.branch3.1.conv, Pruning Rate: 0.48
Module: inception4c.branch4.1.conv, Pruning Rate: 0.37
Module: inception4d.branch1.conv, Pruning Rate: 0.42
Module: inception4d.branch2.0.conv, Pruning Rate: 0.37
Module: inception4d.branch2.1.conv, Pruning Rate: 0.42
Module: inception4d.branch3.0.conv, Pruning Rate: 0.48
Module: inception4d.branch3.1.conv, Pruning Rate: 0.48
Module: inception4d.branch4.1.conv, Pruning Rate: 0.42
Module: inception4e.branch1.conv, Pruning Rate: 0.37
Module: inception4e.branch2.0.conv, Pruning Rate: 0.37
Module: inception4e.branch2.1.conv, Pruning Rate: 0.42
Module: inception4e.branch3.0.conv, Pruning Rate: 0.48
Module: inception4e.branch3.1.conv, Pruning Rate: 0.42
Module: inception4e.branch4.1.conv, Pruning Rate: 0.37
Module: inception5a.branch1.conv, Pruning Rate: 0.37
Module: inception5a.branch2.0.conv, Pruning Rate: 0.42
Module: inception5a.branch2.1.conv, Pruning Rate: 0.37
Module: inception5a.branch3.0.conv, Pruning Rate: 0.48
Module: inception5a.branch3.1.conv, Pruning Rate: 0.37
Module: inception5a.branch4.1.conv, Pruning Rate: 0.37
Module: inception5b.branch1.conv, Pruning Rate: 0.42
Module: inception5b.branch2.0.conv, Pruning Rate: 0.37
Module: inception5b.branch2.1.conv, Pruning Rate: 0.37
Module: inception5b.branch3.0.conv, Pruning Rate: 0.42
Module: inception5b.branch3.1.conv, Pruning Rate: 0.48
Module: inception5b.branch4.1.conv, Pruning Rate: 0.48

--------------------------------------------------------

Relative Pruning Rate:  0.4
Absolute Pruning Rate:  0.9222400000000001
Actual Pruning Rate: 0.8787793365491153
Accuracy:  0.03928
Starting training...
Epoch [1/10], Training Loss: 4.752222824263406, Learning Rate: 0.009000000000000001
Epoch [2/10], Training Loss: 4.621651977687687, Learning Rate: 0.008100000000000001
Epoch [3/10], Training Loss: 4.550492503902652, Learning Rate: 0.007290000000000001
Epoch [4/10], Training Loss: 4.498693769556898, Learning Rate: 0.006561000000000002
Epoch [5/10], Training Loss: 4.452789299971574, Learning Rate: 0.005904900000000002
Epoch [6/10], Training Loss: 4.415574481842163, Learning Rate: 0.005314410000000002
Epoch [7/10], Training Loss: 4.377779097085471, Learning Rate: 0.004782969000000002
Epoch [8/10], Training Loss: 4.341959661942024, Learning Rate: 0.004304672100000002
Epoch [9/10], Training Loss: 4.316075706029391, Learning Rate: 0.003874204890000002
Epoch [10/10], Training Loss: 4.2859536739734265, Learning Rate: 0.003486784401000002
Accuracy after retraining: 58.216
Finished pruning, retraining, and evaluation.
DONE.
