JobId=421967 JobName=act_collect
   UserId=wzz745(4834) GroupId=wichmann(4014) MCS_label=N/A
   Priority=78289 Nice=0 Account=wichmann QOS=normal
   JobState=RUNNING Reason=None Dependency=(null)
   Requeue=1 Restarts=0 BatchFlag=1 Reboot=0 ExitCode=0:0
   RunTime=00:00:01 TimeLimit=2-06:00:00 TimeMin=N/A
   SubmitTime=2024-06-16T13:40:49 EligibleTime=2024-06-16T13:40:49
   AccrueTime=2024-06-16T13:40:49
   StartTime=2024-06-16T13:40:49 EndTime=2024-06-18T19:40:49 Deadline=N/A
   PreemptEligibleTime=2024-06-16T13:41:49 PreemptTime=None
   SuspendTime=None SecsPreSuspend=0 LastSchedEval=2024-06-16T13:40:49 Scheduler=Main
   Partition=2080-galvani AllocNode:Sid=galvani-slurmctl:1344543
   ReqNodeList=(null) ExcNodeList=(null)
   NodeList=galvani-cn105
   BatchHost=galvani-cn105
   NumNodes=1 NumCPUs=8 NumTasks=1 CPUs/Task=8 ReqB:S:C:T=0:0:*:*
   ReqTRES=cpu=8,mem=40G,node=1,billing=2,gres/gpu=1
   AllocTRES=cpu=8,mem=40G,node=1,billing=2,gres/gpu=1,gres/gpu:rtx2080ti=1
   Socks/Node=* NtasksPerN:B:S:C=0:0:*:* CoreSpec=*
   MinCPUsNode=8 MinMemoryNode=40G MinTmpDiskNode=0
   Features=(null) DelayBoot=00:00:00
   OverSubscribe=OK Contiguous=0 Licenses=(null) Network=(null)
   Command=/mnt/qb/home/wichmann/wzz745/Network-Pruning-and-Interpretability/test.sh
   WorkDir=/mnt/qb/home/wichmann/wzz745/Network-Pruning-and-Interpretability
   StdErr=/mnt/qb/home/wichmann/wzz745/Network-Pruning-and-Interpretability/slurm-421967.out
   StdIn=/dev/null
   StdOut=/mnt/qb/home/wichmann/wzz745/Network-Pruning-and-Interpretability/slurm-421967.out
   Power=
   TresPerNode=gres:gpu:1
   MailUser=jonathan.vonrad@gmail.com MailType=BEGIN,END,FAIL
   

Using cache found in /home/wichmann/wzz745/.cache/torch/hub/pytorch_vision_v0.10.0
/usr/local/lib/python3.8/dist-packages/torchvision/models/googlenet.py:341: UserWarning: auxiliary heads in the pretrained googlenet model are NOT pretrained, so make sure to train them
  warnings.warn(
Accuracy before pruning: 69.772

########## Specific Local Unstructured L1 Pruning Successively ##########

Accuracy before: 0.69772
Non-zero params before Pruning: 5718464, Total params: 5718464

------------------- Pruning Modules -------------------

Traceback (most recent call last):
  File "/home/wichmann/wzz745/Network-Pruning-and-Interpretability/retraining.py", line 578, in <module>
    pruneSpecificLocalUnstructuredL1Successively(validation_loader, model)
  File "/home/wichmann/wzz745/Network-Pruning-and-Interpretability/retraining.py", line 362, in pruneSpecificLocalUnstructuredL1Successively
    pruning_rates[module_name] * factor, 2)
NameError: name 'factor' is not defined
srun: error: galvani-cn105: task 0: Exited with exit code 1
srun: Terminating StepId=421967.0
DONE.
