JobId=414456 JobName=name
   UserId=wzz745(4834) GroupId=wichmann(4014) MCS_label=N/A
   Priority=84286 Nice=0 Account=wichmann QOS=normal
   JobState=RUNNING Reason=None Dependency=(null)
   Requeue=1 Restarts=0 BatchFlag=1 Reboot=0 ExitCode=0:0
   RunTime=00:00:01 TimeLimit=06:00:00 TimeMin=N/A
   SubmitTime=2024-06-11T19:16:49 EligibleTime=2024-06-11T19:16:49
   AccrueTime=2024-06-11T19:16:49
   StartTime=2024-06-11T19:16:49 EndTime=2024-06-12T01:16:49 Deadline=N/A
   PreemptEligibleTime=2024-06-11T19:17:49 PreemptTime=None
   SuspendTime=None SecsPreSuspend=0 LastSchedEval=2024-06-11T19:16:49 Scheduler=Main
   Partition=2080-galvani AllocNode:Sid=galvani-slurmctl:1068649
   ReqNodeList=(null) ExcNodeList=(null)
   NodeList=galvani-cn104
   BatchHost=galvani-cn104
   NumNodes=1 NumCPUs=8 NumTasks=1 CPUs/Task=8 ReqB:S:C:T=0:0:*:*
   ReqTRES=cpu=8,mem=40G,node=1,billing=2,gres/gpu=1
   AllocTRES=cpu=8,mem=40G,node=1,billing=2,gres/gpu=1,gres/gpu:rtx2080ti=1
   Socks/Node=* NtasksPerN:B:S:C=0:0:*:* CoreSpec=*
   MinCPUsNode=8 MinMemoryNode=40G MinTmpDiskNode=0
   Features=(null) DelayBoot=00:00:00
   OverSubscribe=OK Contiguous=0 Licenses=(null) Network=(null)
   Command=/mnt/qb/home/wichmann/wzz745/Network-Pruning-and-Interpretability/ffcv.sh
   WorkDir=/mnt/qb/home/wichmann/wzz745/Network-Pruning-and-Interpretability
   StdErr=/mnt/qb/home/wichmann/wzz745/Network-Pruning-and-Interpretability/slurm-414456.out
   StdIn=/dev/null
   StdOut=/mnt/qb/home/wichmann/wzz745/Network-Pruning-and-Interpretability/slurm-414456.out
   Power=
   TresPerNode=gres:gpu:1
   

/usr/local/lib/python3.10/dist-packages/numba/np/ufunc/parallel.py:371: NumbaWarning: The TBB threading layer requires TBB version 2021 update 6 or later i.e., TBB_INTERFACE_VERSION >= 12060. Found TBB_INTERFACE_VERSION = 12050. The TBB threading layer is disabled.
  warnings.warn(problem)
Traceback (most recent call last):
  File "/home/wichmann/wzz745/Network-Pruning-and-Interpretability/retraining_ffcv.py", line 13, in <module>
    from ffcv.ffcv_dataloaders import create_train_loader, create_test_loader
ModuleNotFoundError: No module named 'ffcv.ffcv_dataloaders'
srun: error: galvani-cn104: task 0: Exited with exit code 1
srun: Terminating StepId=414456.0
