JobId=422705 JobName=act_collect
   UserId=wzz745(4834) GroupId=wichmann(4014) MCS_label=N/A
   Priority=74296 Nice=0 Account=wichmann QOS=normal
   JobState=RUNNING Reason=None Dependency=(null)
   Requeue=1 Restarts=0 BatchFlag=1 Reboot=0 ExitCode=0:0
   RunTime=00:00:01 TimeLimit=2-06:00:00 TimeMin=N/A
   SubmitTime=2024-06-17T16:55:08 EligibleTime=2024-06-17T16:55:08
   AccrueTime=2024-06-17T16:55:09
   StartTime=2024-06-17T16:55:09 EndTime=2024-06-19T22:55:09 Deadline=N/A
   PreemptEligibleTime=2024-06-17T16:56:09 PreemptTime=None
   SuspendTime=None SecsPreSuspend=0 LastSchedEval=2024-06-17T16:55:09 Scheduler=Main
   Partition=2080-galvani AllocNode:Sid=galvani-slurmctl:876414
   ReqNodeList=(null) ExcNodeList=(null)
   NodeList=galvani-cn107
   BatchHost=galvani-cn107
   NumNodes=1 NumCPUs=8 NumTasks=1 CPUs/Task=8 ReqB:S:C:T=0:0:*:*
   ReqTRES=cpu=8,mem=40G,node=1,billing=2,gres/gpu=1
   AllocTRES=cpu=8,mem=40G,node=1,billing=2,gres/gpu=1,gres/gpu:rtx2080ti=1
   Socks/Node=* NtasksPerN:B:S:C=0:0:*:* CoreSpec=*
   MinCPUsNode=8 MinMemoryNode=40G MinTmpDiskNode=0
   Features=(null) DelayBoot=00:00:00
   OverSubscribe=OK Contiguous=0 Licenses=(null) Network=(null)
   Command=/mnt/qb/home/wichmann/wzz745/Network-Pruning-and-Interpretability/test.sh
   WorkDir=/mnt/qb/home/wichmann/wzz745/Network-Pruning-and-Interpretability
   StdErr=/mnt/qb/home/wichmann/wzz745/Network-Pruning-and-Interpretability/slurm-422705.out
   StdIn=/dev/null
   StdOut=/mnt/qb/home/wichmann/wzz745/Network-Pruning-and-Interpretability/slurm-422705.out
   Power=
   TresPerNode=gres:gpu:1
   MailUser=jonathan.vonrad@gmail.com MailType=BEGIN,END,FAIL
   

srun: Job step aborted: Waiting up to 32 seconds for job step to finish.
slurmstepd: error: *** STEP 422705.0 ON galvani-cn107 CANCELLED AT 2024-06-18T19:51:55 ***
slurmstepd: error: *** JOB 422705 ON galvani-cn107 CANCELLED AT 2024-06-18T19:51:55 ***
