JobId=415148 JobName=name
   UserId=wzz745(4834) GroupId=wichmann(4014) MCS_label=N/A
   Priority=83373 Nice=0 Account=wichmann QOS=normal
   JobState=RUNNING Reason=None Dependency=(null)
   Requeue=1 Restarts=0 BatchFlag=1 Reboot=0 ExitCode=0:0
   RunTime=00:00:02 TimeLimit=06:00:00 TimeMin=N/A
   SubmitTime=2024-06-12T13:11:17 EligibleTime=2024-06-12T13:11:17
   AccrueTime=2024-06-12T13:11:18
   StartTime=2024-06-12T13:11:18 EndTime=2024-06-12T19:11:18 Deadline=N/A
   PreemptEligibleTime=2024-06-12T13:12:18 PreemptTime=None
   SuspendTime=None SecsPreSuspend=0 LastSchedEval=2024-06-12T13:11:18 Scheduler=Main
   Partition=2080-galvani AllocNode:Sid=galvani-slurmctl:2757385
   ReqNodeList=(null) ExcNodeList=(null)
   NodeList=galvani-cn122
   BatchHost=galvani-cn122
   NumNodes=1 NumCPUs=8 NumTasks=1 CPUs/Task=8 ReqB:S:C:T=0:0:*:*
   ReqTRES=cpu=8,mem=40G,node=1,billing=2,gres/gpu=1
   AllocTRES=cpu=8,mem=40G,node=1,billing=2,gres/gpu=1,gres/gpu:rtx2080ti=1
   Socks/Node=* NtasksPerN:B:S:C=0:0:*:* CoreSpec=*
   MinCPUsNode=8 MinMemoryNode=40G MinTmpDiskNode=0
   Features=(null) DelayBoot=00:00:00
   OverSubscribe=OK Contiguous=0 Licenses=(null) Network=(null)
   Command=/mnt/qb/home/wichmann/wzz745/Network-Pruning-and-Interpretability/ffcv.sh
   WorkDir=/mnt/qb/home/wichmann/wzz745/Network-Pruning-and-Interpretability
   StdErr=/mnt/qb/home/wichmann/wzz745/Network-Pruning-and-Interpretability/slurm-415148.out
   StdIn=/dev/null
   StdOut=/mnt/qb/home/wichmann/wzz745/Network-Pruning-and-Interpretability/slurm-415148.out
   Power=
   TresPerNode=gres:gpu:1
   

/usr/local/lib/python3.10/dist-packages/numba/np/ufunc/parallel.py:371: NumbaWarning: The TBB threading layer requires TBB version 2021 update 6 or later i.e., TBB_INTERFACE_VERSION >= 12060. Found TBB_INTERFACE_VERSION = 12050. The TBB threading layer is disabled.
  warnings.warn(problem)
Using cache found in /home/wichmann/wzz745/.cache/torch/hub/pytorch_vision_v0.10.0
/usr/local/lib/python3.10/dist-packages/torchvision/models/googlenet.py:341: UserWarning: auxiliary heads in the pretrained googlenet model are NOT pretrained, so make sure to train them
  warnings.warn(

########## Specific Local Structured L1 Pruning ##########

Accuracy before: 0.69938

------------------- Pruning Modules -------------------

Module: inception3a.branch1.conv, Pruning Rate: 0.05
Module: inception3a.branch2.0.conv, Pruning Rate: 0.05
Module: inception3a.branch2.1.conv, Pruning Rate: 0.08
Module: inception3a.branch3.0.conv, Pruning Rate: 0.03
Module: inception3a.branch3.1.conv, Pruning Rate: 0.14
Module: inception3a.branch4.1.conv, Pruning Rate: 0.03
Module: inception3b.branch1.conv, Pruning Rate: 0.05
Module: inception3b.branch2.0.conv, Pruning Rate: 0.05
Module: inception3b.branch2.1.conv, Pruning Rate: 0.05
Module: inception3b.branch3.0.conv, Pruning Rate: 0.08
Module: inception3b.branch3.1.conv, Pruning Rate: 0.19
Module: inception3b.branch4.1.conv, Pruning Rate: 0.08
Module: inception4a.branch1.conv, Pruning Rate: 0.08
Module: inception4a.branch2.0.conv, Pruning Rate: 0.11
Module: inception4a.branch2.1.conv, Pruning Rate: 0.11
Module: inception4a.branch3.0.conv, Pruning Rate: 0.16
Module: inception4a.branch3.1.conv, Pruning Rate: 0.03
Module: inception4a.branch4.1.conv, Pruning Rate: 0.05
Module: inception4b.branch1.conv, Pruning Rate: 0.08
Module: inception4b.branch2.0.conv, Pruning Rate: 0.08
Module: inception4b.branch2.1.conv, Pruning Rate: 0.11
Module: inception4b.branch3.0.conv, Pruning Rate: 0.24
Module: inception4b.branch3.1.conv, Pruning Rate: 0.11
Module: inception4b.branch4.1.conv, Pruning Rate: 0.11
Module: inception4c.branch1.conv, Pruning Rate: 0.05
Module: inception4c.branch2.0.conv, Pruning Rate: 0.05
Module: inception4c.branch2.1.conv, Pruning Rate: 0.05
Module: inception4c.branch3.0.conv, Pruning Rate: 0.24
Module: inception4c.branch3.1.conv, Pruning Rate: 0.24
Module: inception4c.branch4.1.conv, Pruning Rate: 0.05
Module: inception4d.branch1.conv, Pruning Rate: 0.05
Module: inception4d.branch2.0.conv, Pruning Rate: 0.05
Module: inception4d.branch2.1.conv, Pruning Rate: 0.08
Module: inception4d.branch3.0.conv, Pruning Rate: 0.19
Module: inception4d.branch3.1.conv, Pruning Rate: 0.19
Module: inception4d.branch4.1.conv, Pruning Rate: 0.05
Module: inception4e.branch1.conv, Pruning Rate: 0.08
Module: inception4e.branch2.0.conv, Pruning Rate: 0.08
Module: inception4e.branch2.1.conv, Pruning Rate: 0.08
Module: inception4e.branch3.0.conv, Pruning Rate: 0.14
Module: inception4e.branch3.1.conv, Pruning Rate: 0.19
Module: inception4e.branch4.1.conv, Pruning Rate: 0.14
Module: inception5a.branch1.conv, Pruning Rate: 0.08
Module: inception5a.branch2.0.conv, Pruning Rate: 0.03
Module: inception5a.branch2.1.conv, Pruning Rate: 0.05
Module: inception5a.branch3.0.conv, Pruning Rate: 0.16
Module: inception5a.branch3.1.conv, Pruning Rate: 0.16
Module: inception5a.branch4.1.conv, Pruning Rate: 0.11
Module: inception5b.branch1.conv, Pruning Rate: 0.19
Module: inception5b.branch2.0.conv, Pruning Rate: 0.03
Module: inception5b.branch2.1.conv, Pruning Rate: 0.16
Module: inception5b.branch3.0.conv, Pruning Rate: 0.05
Module: inception5b.branch3.1.conv, Pruning Rate: 0.24
Module: inception5b.branch4.1.conv, Pruning Rate: 0.24

--------------------------------------------------------

Actual Pruning Rate: 0.09391612852682119
Avg Pruning Rate: 0.1, Accuracy: 0.3519
Epoch [1/3], Training Loss: 317.1800923724312, Learning Rate: 0.009000000000000001, Validation Accuracy: 0.37%
Epoch [2/3], Training Loss: 271.8759124867148, Learning Rate: 0.008100000000000001, Validation Accuracy: 0.42%
Epoch [3/3], Training Loss: 257.7391134546596, Learning Rate: 0.007290000000000001, Validation Accuracy: 0.45%
Accuracy after retraining: 0.001
None

------------------- Pruning Modules -------------------

Module: inception3a.branch1.conv, Pruning Rate: 0.11
Module: inception3a.branch2.0.conv, Pruning Rate: 0.11
Module: inception3a.branch2.1.conv, Pruning Rate: 0.17
Module: inception3a.branch3.0.conv, Pruning Rate: 0.06
Module: inception3a.branch3.1.conv, Pruning Rate: 0.28
Module: inception3a.branch4.1.conv, Pruning Rate: 0.06
Module: inception3b.branch1.conv, Pruning Rate: 0.11
Module: inception3b.branch2.0.conv, Pruning Rate: 0.11
Module: inception3b.branch2.1.conv, Pruning Rate: 0.11
Module: inception3b.branch3.0.conv, Pruning Rate: 0.17
Module: inception3b.branch3.1.conv, Pruning Rate: 0.39
Module: inception3b.branch4.1.conv, Pruning Rate: 0.17
Module: inception4a.branch1.conv, Pruning Rate: 0.17
Module: inception4a.branch2.0.conv, Pruning Rate: 0.22
Module: inception4a.branch2.1.conv, Pruning Rate: 0.22
Module: inception4a.branch3.0.conv, Pruning Rate: 0.33
Module: inception4a.branch3.1.conv, Pruning Rate: 0.06
Module: inception4a.branch4.1.conv, Pruning Rate: 0.11
Module: inception4b.branch1.conv, Pruning Rate: 0.17
Module: inception4b.branch2.0.conv, Pruning Rate: 0.17
Module: inception4b.branch2.1.conv, Pruning Rate: 0.22
Module: inception4b.branch3.0.conv, Pruning Rate: 0.5
Module: inception4b.branch3.1.conv, Pruning Rate: 0.22
Module: inception4b.branch4.1.conv, Pruning Rate: 0.22
Module: inception4c.branch1.conv, Pruning Rate: 0.11
Module: inception4c.branch2.0.conv, Pruning Rate: 0.11
Module: inception4c.branch2.1.conv, Pruning Rate: 0.11
Module: inception4c.branch3.0.conv, Pruning Rate: 0.5
Module: inception4c.branch3.1.conv, Pruning Rate: 0.5
Module: inception4c.branch4.1.conv, Pruning Rate: 0.11
Module: inception4d.branch1.conv, Pruning Rate: 0.11
Module: inception4d.branch2.0.conv, Pruning Rate: 0.11
Module: inception4d.branch2.1.conv, Pruning Rate: 0.17
Module: inception4d.branch3.0.conv, Pruning Rate: 0.39
Module: inception4d.branch3.1.conv, Pruning Rate: 0.39
Module: inception4d.branch4.1.conv, Pruning Rate: 0.11
Module: inception4e.branch1.conv, Pruning Rate: 0.17
Module: inception4e.branch2.0.conv, Pruning Rate: 0.17
Module: inception4e.branch2.1.conv, Pruning Rate: 0.17
Module: inception4e.branch3.0.conv, Pruning Rate: 0.28
Module: inception4e.branch3.1.conv, Pruning Rate: 0.39
Module: inception4e.branch4.1.conv, Pruning Rate: 0.28
Module: inception5a.branch1.conv, Pruning Rate: 0.17
Module: inception5a.branch2.0.conv, Pruning Rate: 0.06
Module: inception5a.branch2.1.conv, Pruning Rate: 0.11
Module: inception5a.branch3.0.conv, Pruning Rate: 0.33
Module: inception5a.branch3.1.conv, Pruning Rate: 0.33
Module: inception5a.branch4.1.conv, Pruning Rate: 0.22
Module: inception5b.branch1.conv, Pruning Rate: 0.39
Module: inception5b.branch2.0.conv, Pruning Rate: 0.06
Module: inception5b.branch2.1.conv, Pruning Rate: 0.33
Module: inception5b.branch3.0.conv, Pruning Rate: 0.11
Module: inception5b.branch3.1.conv, Pruning Rate: 0.5
Module: inception5b.branch4.1.conv, Pruning Rate: 0.5

--------------------------------------------------------

Actual Pruning Rate: 0.19623451332385755
Avg Pruning Rate: 0.2, Accuracy: 0.01476
Epoch [1/3], Training Loss: 334.614751763391, Learning Rate: 0.006561000000000002, Validation Accuracy: 0.39%
Epoch [2/3], Training Loss: 282.2349411027512, Learning Rate: 0.005904900000000002, Validation Accuracy: 0.43%
Epoch [3/3], Training Loss: 266.962582502347, Learning Rate: 0.005314410000000002, Validation Accuracy: 0.46%
Accuracy after retraining: 0.00146
None

------------------- Pruning Modules -------------------

Module: inception3a.branch1.conv, Pruning Rate: 0.16
Module: inception3a.branch2.0.conv, Pruning Rate: 0.16
Module: inception3a.branch2.1.conv, Pruning Rate: 0.25
Module: inception3a.branch3.0.conv, Pruning Rate: 0.08
Module: inception3a.branch3.1.conv, Pruning Rate: 0.41
Module: inception3a.branch4.1.conv, Pruning Rate: 0.08
Module: inception3b.branch1.conv, Pruning Rate: 0.16
Module: inception3b.branch2.0.conv, Pruning Rate: 0.16
Module: inception3b.branch2.1.conv, Pruning Rate: 0.16
Module: inception3b.branch3.0.conv, Pruning Rate: 0.25
Module: inception3b.branch3.1.conv, Pruning Rate: 0.57
Module: inception3b.branch4.1.conv, Pruning Rate: 0.25
Module: inception4a.branch1.conv, Pruning Rate: 0.25
Module: inception4a.branch2.0.conv, Pruning Rate: 0.33
Module: inception4a.branch2.1.conv, Pruning Rate: 0.33
Module: inception4a.branch3.0.conv, Pruning Rate: 0.49
Module: inception4a.branch3.1.conv, Pruning Rate: 0.08
Module: inception4a.branch4.1.conv, Pruning Rate: 0.16
srun: Job step aborted: Waiting up to 32 seconds for job step to finish.
slurmstepd: error: *** JOB 415148 ON galvani-cn122 CANCELLED AT 2024-06-12T15:44:29 ***
slurmstepd: error: *** STEP 415148.0 ON galvani-cn122 CANCELLED AT 2024-06-12T15:44:29 ***
