JobId=418688 JobName=name
   UserId=wzz745(4834) GroupId=wichmann(4014) MCS_label=N/A
   Priority=83371 Nice=0 Account=wichmann QOS=normal
   JobState=RUNNING Reason=None Dependency=(null)
   Requeue=1 Restarts=0 BatchFlag=1 Reboot=0 ExitCode=0:0
   RunTime=00:00:01 TimeLimit=06:00:00 TimeMin=N/A
   SubmitTime=2024-06-13T15:04:12 EligibleTime=2024-06-13T15:04:12
   AccrueTime=2024-06-13T15:04:12
   StartTime=2024-06-13T15:04:12 EndTime=2024-06-13T21:04:12 Deadline=N/A
   PreemptEligibleTime=2024-06-13T15:05:12 PreemptTime=None
   SuspendTime=None SecsPreSuspend=0 LastSchedEval=2024-06-13T15:04:12 Scheduler=Main
   Partition=2080-galvani AllocNode:Sid=galvani-slurmctl:605158
   ReqNodeList=(null) ExcNodeList=(null)
   NodeList=galvani-cn110
   BatchHost=galvani-cn110
   NumNodes=1 NumCPUs=8 NumTasks=1 CPUs/Task=8 ReqB:S:C:T=0:0:*:*
   ReqTRES=cpu=8,mem=40G,node=1,billing=2,gres/gpu=1
   AllocTRES=cpu=8,mem=40G,node=1,billing=2,gres/gpu=1,gres/gpu:rtx2080ti=1
   Socks/Node=* NtasksPerN:B:S:C=0:0:*:* CoreSpec=*
   MinCPUsNode=8 MinMemoryNode=40G MinTmpDiskNode=0
   Features=(null) DelayBoot=00:00:00
   OverSubscribe=OK Contiguous=0 Licenses=(null) Network=(null)
   Command=/mnt/qb/home/wichmann/wzz745/Network-Pruning-and-Interpretability/ffcv.sh
   WorkDir=/mnt/qb/home/wichmann/wzz745/Network-Pruning-and-Interpretability
   StdErr=/mnt/qb/home/wichmann/wzz745/Network-Pruning-and-Interpretability/slurm-418688.out
   StdIn=/dev/null
   StdOut=/mnt/qb/home/wichmann/wzz745/Network-Pruning-and-Interpretability/slurm-418688.out
   Power=
   TresPerNode=gres:gpu:1
   

/usr/local/lib/python3.10/dist-packages/numba/np/ufunc/parallel.py:371: NumbaWarning: The TBB threading layer requires TBB version 2021 update 6 or later i.e., TBB_INTERFACE_VERSION >= 12060. Found TBB_INTERFACE_VERSION = 12050. The TBB threading layer is disabled.
  warnings.warn(problem)
Using cache found in /home/wichmann/wzz745/.cache/torch/hub/pytorch_vision_v0.10.0
/usr/local/lib/python3.10/dist-packages/torchvision/models/googlenet.py:341: UserWarning: auxiliary heads in the pretrained googlenet model are NOT pretrained, so make sure to train them
  warnings.warn(
Train loader created in 20.912115812301636 seconds
Train loader created in 1.1672987937927246 seconds
Training for 30 epochs with learning rate 0.01 and optimizer SGD (
Parameter Group 0
    dampening: 0
    differentiable: False
    foreach: None
    initial_lr: 0.01
    lr: 0.01
    maximize: False
    momentum: 0.9
    nesterov: False
    weight_decay: 0.0001
) and scheduler <torch.optim.lr_scheduler.ExponentialLR object at 0x7f54ca741210>
Traceback (most recent call last):
  File "/home/wichmann/wzz745/Network-Pruning-and-Interpretability/retraining_ffcv.py", line 304, in <module>
    pruneSpecificLocalStructuredLNPruning(val_loader, model, 1)
TypeError: pruneSpecificLocalStructuredLNPruning() missing 1 required positional argument: 'epochs'
srun: error: galvani-cn110: task 0: Exited with exit code 1
srun: Terminating StepId=418688.0
