JobId=422699 JobName=act_collect
   UserId=wzz745(4834) GroupId=wichmann(4014) MCS_label=N/A
   Priority=74296 Nice=0 Account=wichmann QOS=normal
   JobState=RUNNING Reason=None Dependency=(null)
   Requeue=1 Restarts=0 BatchFlag=1 Reboot=0 ExitCode=0:0
   RunTime=00:00:02 TimeLimit=2-06:00:00 TimeMin=N/A
   SubmitTime=2024-06-17T16:31:11 EligibleTime=2024-06-17T16:31:11
   AccrueTime=2024-06-17T16:31:12
   StartTime=2024-06-17T16:31:12 EndTime=2024-06-19T22:31:12 Deadline=N/A
   PreemptEligibleTime=2024-06-17T16:32:12 PreemptTime=None
   SuspendTime=None SecsPreSuspend=0 LastSchedEval=2024-06-17T16:31:12 Scheduler=Main
   Partition=2080-galvani AllocNode:Sid=galvani-slurmctl:876414
   ReqNodeList=(null) ExcNodeList=(null)
   NodeList=galvani-cn106
   BatchHost=galvani-cn106
   NumNodes=1 NumCPUs=8 NumTasks=1 CPUs/Task=8 ReqB:S:C:T=0:0:*:*
   ReqTRES=cpu=8,mem=40G,node=1,billing=2,gres/gpu=1
   AllocTRES=cpu=8,mem=40G,node=1,billing=2,gres/gpu=1,gres/gpu:rtx2080ti=1
   Socks/Node=* NtasksPerN:B:S:C=0:0:*:* CoreSpec=*
   MinCPUsNode=8 MinMemoryNode=40G MinTmpDiskNode=0
   Features=(null) DelayBoot=00:00:00
   OverSubscribe=OK Contiguous=0 Licenses=(null) Network=(null)
   Command=/mnt/qb/home/wichmann/wzz745/Network-Pruning-and-Interpretability/test.sh
   WorkDir=/mnt/qb/home/wichmann/wzz745/Network-Pruning-and-Interpretability
   StdErr=/mnt/qb/home/wichmann/wzz745/Network-Pruning-and-Interpretability/slurm-422699.out
   StdIn=/dev/null
   StdOut=/mnt/qb/home/wichmann/wzz745/Network-Pruning-and-Interpretability/slurm-422699.out
   Power=
   TresPerNode=gres:gpu:1
   MailUser=jonathan.vonrad@gmail.com MailType=BEGIN,END,FAIL
   

Using cache found in /home/wichmann/wzz745/.cache/torch/hub/pytorch_vision_v0.10.0
/usr/local/lib/python3.8/dist-packages/torchvision/models/googlenet.py:341: UserWarning: auxiliary heads in the pretrained googlenet model are NOT pretrained, so make sure to train them
  warnings.warn(
Accuracy before pruning: 69.772
Training for 10 epochs with learning rate 0.01 and optimizer <class 'torch.optim.adam.Adam'> and scheduler <class 'torch.optim.lr_scheduler.ExponentialLR'>

########## Global Unstructured L1 Pruning Iteratively ##########

Accuracy before: 0.69772
Non-zero params before Pruning: 5718464, Total params: 5718464
Relative Pruning Rate: 0.4
Relative Pruning Rate:  0.4
Absolute Pruning Rate:  0.4
Actual Pruning Rate: 0.44231335547447703
Accuracy:  0.66244
Starting training...
Epoch [1/10], Training Loss: 10.377322475440971, Learning Rate: 0.009000000000000001
Epoch [2/10], Training Loss: 10.077871630170367, Learning Rate: 0.008100000000000001
Epoch [3/10], Training Loss: 9.99043188285637, Learning Rate: 0.007290000000000001
Epoch [4/10], Training Loss: 9.901021663006489, Learning Rate: 0.006561000000000002
Epoch [5/10], Training Loss: 9.786473271182247, Learning Rate: 0.005904900000000002
Epoch [6/10], Training Loss: 9.712791090078287, Learning Rate: 0.005314410000000002
Epoch [7/10], Training Loss: 9.647163390351103, Learning Rate: 0.004782969000000002
Epoch [8/10], Training Loss: 9.582814353710408, Learning Rate: 0.004304672100000002
Epoch [9/10], Training Loss: 9.52161319315374, Learning Rate: 0.003874204890000002
Epoch [10/10], Training Loss: 9.460527231023981, Learning Rate: 0.003486784401000002
Accuracy after retraining: 5.222
Relative Pruning Rate: 0.4
Relative Pruning Rate:  0.4
Absolute Pruning Rate:  0.64
Actual Pruning Rate: 0.6018666900762163
Accuracy:  0.05222
Starting training...
Epoch [1/10], Training Loss: 9.73573702346314, Learning Rate: 0.009000000000000001
Epoch [2/10], Training Loss: 9.674280197970518, Learning Rate: 0.008100000000000001
srun: Job step aborted: Waiting up to 32 seconds for job step to finish.
slurmstepd: error: *** JOB 422699 ON galvani-cn106 CANCELLED AT 2024-06-18T19:52:00 ***
slurmstepd: error: *** STEP 422699.0 ON galvani-cn106 CANCELLED AT 2024-06-18T19:52:00 ***
