JobId=456202 JobName=name
   UserId=wzz745(4834) GroupId=wichmann(4014) MCS_label=N/A
   Priority=78580 Nice=0 Account=wichmann QOS=normal
   JobState=RUNNING Reason=None Dependency=(null)
   Requeue=1 Restarts=0 BatchFlag=1 Reboot=0 ExitCode=0:0
   RunTime=00:00:00 TimeLimit=3-00:00:00 TimeMin=N/A
   SubmitTime=2024-06-28T14:49:55 EligibleTime=2024-06-28T14:49:55
   AccrueTime=2024-06-28T14:49:56
   StartTime=2024-06-28T14:49:56 EndTime=2024-07-01T14:49:56 Deadline=N/A
   PreemptEligibleTime=2024-06-28T14:50:56 PreemptTime=None
   SuspendTime=None SecsPreSuspend=0 LastSchedEval=2024-06-28T14:49:56 Scheduler=Main
   Partition=2080-galvani AllocNode:Sid=galvani-slurmctl:3578282
   ReqNodeList=(null) ExcNodeList=(null)
   NodeList=galvani-cn116
   BatchHost=galvani-cn116
   NumNodes=1 NumCPUs=8 NumTasks=1 CPUs/Task=8 ReqB:S:C:T=0:0:*:*
   ReqTRES=cpu=8,mem=40G,node=1,billing=2,gres/gpu=1
   AllocTRES=cpu=8,mem=40G,node=1,billing=2,gres/gpu=1,gres/gpu:rtx2080ti=1
   Socks/Node=* NtasksPerN:B:S:C=0:0:*:* CoreSpec=*
   MinCPUsNode=8 MinMemoryNode=40G MinTmpDiskNode=0
   Features=(null) DelayBoot=00:00:00
   OverSubscribe=OK Contiguous=0 Licenses=(null) Network=(null)
   Command=/mnt/qb/home/wichmann/wzz745/Network-Pruning-and-Interpretability/ffcv.sh
   WorkDir=/mnt/qb/home/wichmann/wzz745/Network-Pruning-and-Interpretability
   StdErr=/mnt/qb/home/wichmann/wzz745/Network-Pruning-and-Interpretability/slurm-456202.out
   StdIn=/dev/null
   StdOut=/mnt/qb/home/wichmann/wzz745/Network-Pruning-and-Interpretability/slurm-456202.out
   Power=
   TresPerNode=gres:gpu:1
   MailUser=jonathan.sakouhi@gmail.com MailType=BEGIN,END,FAIL
   

WARNING: passwd file doesn't exist in container, not updating
WARNING: group file doesn't exist in container, not updating
FATAL:   failed to open /bin/sh for inspection: failed to open elf binary /bin/sh: open /bin/sh: no such file or directory
srun: error: galvani-cn116: task 0: Exited with exit code 255
srun: Terminating StepId=456202.0
